[22:50:22] [main/INFO]: Setting user: Player968
[22:50:24] [Client thread/INFO]: LWJGL Version: 2.9.1
[22:50:30] [Client thread/INFO]: Reloading ResourceManager: Default, FMLFileResourcePack:Forge Mod Loader, FMLFileResourcePack:Minecraft Forge, FMLFileResourcePack:Alchemical Brewing, FMLFileResourcePack:ElecCore
[22:50:30] [Client thread/WARN]: ResourcePack: ignored non-lowercase namespace: ElecCore in C:\Users\Arnout\Documents\GitHub\Elec's Mods\Alchemical-Brewing\libs\ElecCore-Newest-deobf.jar
[22:50:30] [Client thread/WARN]: ResourcePack: ignored non-lowercase namespace: ElecCore in C:\Users\Arnout\Documents\GitHub\Elec's Mods\Alchemical-Brewing\libs\ElecCore-Newest-deobf.jar
[22:50:30] [Client thread/WARN]: ResourcePack: ignored non-lowercase namespace: ElecCore in C:\Users\Arnout\Documents\GitHub\Elec's Mods\Alchemical-Brewing\libs\ElecCore-Newest-deobf.jar
[22:50:31] [Sound Library Loader/INFO]: Sound engine started
[22:50:33] [Client thread/INFO]: Created: 16x16 textures/blocks-atlas
[22:50:33] [Client thread/INFO]: Created: 16x16 textures/items-atlas
[22:50:33] [Client thread/INFO]: Reloading ResourceManager: Default, FMLFileResourcePack:Forge Mod Loader, FMLFileResourcePack:Minecraft Forge, FMLFileResourcePack:Alchemical Brewing, FMLFileResourcePack:ElecCore
[22:50:33] [Client thread/WARN]: ResourcePack: ignored non-lowercase namespace: ElecCore in C:\Users\Arnout\Documents\GitHub\Elec's Mods\Alchemical-Brewing\libs\ElecCore-Newest-deobf.jar
[22:50:33] [Client thread/WARN]: ResourcePack: ignored non-lowercase namespace: ElecCore in C:\Users\Arnout\Documents\GitHub\Elec's Mods\Alchemical-Brewing\libs\ElecCore-Newest-deobf.jar
[22:50:33] [Client thread/WARN]: ResourcePack: ignored non-lowercase namespace: ElecCore in C:\Users\Arnout\Documents\GitHub\Elec's Mods\Alchemical-Brewing\libs\ElecCore-Newest-deobf.jar
[22:50:34] [Client thread/INFO]: Created: 256x256 textures/items-atlas
[22:50:34] [Client thread/INFO]: Created: 512x256 textures/blocks-atlas
[22:50:35] [Sound Library Loader/INFO]: Sound engine started
[22:50:36] [Client thread/ERROR]: ########## GL ERROR ##########
[22:50:36] [Client thread/ERROR]: @ Post startup
[22:50:36] [Client thread/ERROR]: 1286: Invalid framebuffer operation
[22:51:04] [Client thread/INFO]: Stopping!
